C51 COMPILER V9.01   MAIN                                                                  11/25/2016 12:21:36 PAGE 1   


C51 COMPILER V9.01, COMPILATION OF MODULE MAIN
OBJECT MODULE PLACED IN main.OBJ
COMPILER INVOKED BY: E:\Keil\C51\BIN\C51.EXE main.c BROWSE DEBUG OBJECTEXTEND

line level    source

   1          #include <reg52.h>
   2          
   3          
   4          typedef unsigned char u8;
   5          typedef unsigned int u16;
   6          
   7          sbit led=P2^0;
   8          
   9          void Ustartinit ()
  10          {
  11   1         TMOD=0X20; //0001 0000
  12   1         TH1=0xf3;
  13   1         TL1=0xf3;
  14   1         PCON=0x80;
  15   1         SCON=0X50;
  16   1         
  17   1         ES=1;
  18   1         EA=1;
  19   1         TR1=1;
  20   1      
  21   1      
  22   1      }
  23          void  main ()          //Ö÷º¯Êý
  24          {
  25   1               Ustartinit ();
  26   1               while(1);
  27   1      }
  28          
  29          
  30          void Ustart ()  interrupt 4
  31          {
  32   1              u8 receivedata;
  33   1              receivedata=SBUF;
  34   1              if(receivedata==0x31)
  35   1                 {
  36   2                                 led=~led;
  37   2                 }
  38   1              RI=0;
  39   1              SBUF=receivedata;
  40   1              while(!TI);
  41   1              TI=0;
  42   1      
  43   1      
  44   1      }


MODULE INFORMATION:   STATIC OVERLAYABLE
   CODE SIZE        =     55    ----
   CONSTANT SIZE    =   ----    ----
   XDATA SIZE       =   ----    ----
   PDATA SIZE       =   ----    ----
   DATA SIZE        =   ----    ----
   IDATA SIZE       =   ----    ----
   BIT SIZE         =   ----    ----
END OF MODULE INFORMATION.

C51 COMPILER V9.01   MAIN                                                                  11/25/2016 12:21:36 PAGE 2   


C51 COMPILATION COMPLETE.  0 WARNING(S),  0 ERROR(S)
