C51 COMPILER V9.01   MAIN                                                                  11/23/2016 16:23:51 PAGE 1   


C51 COMPILER V9.01, COMPILATION OF MODULE MAIN
OBJECT MODULE PLACED IN main.OBJ
COMPILER INVOKED BY: E:\Keil\C51\BIN\C51.EXE main.c BROWSE DEBUG OBJECTEXTEND

line level    source

   1          #include "reg52.h"
   2          #include <intrins.h>             //因为要用到左右移函数，所以加入这个头文件
   3          
   4          
   5          typedef unsigned char u8;
   6          typedef unsigned int  u16;        //对数据类型进行声明定义
   7          
   8          
   9          #define led P2    //宏定义,将p2口设置为led       
  10          
  11          u8 code LED[]={0xff,0xfe,0xfc,0xf8,0xf0,0xe0,0xc0,0x80,0x00,
  12                         0x00,0x80,0xc0,0xe0,0xf0,0xf8,0xfc,0xfe,0xff,};   //
  13                    
  14          
  15          void delay(u16 i)
  16          
  17                    {
  18   1                     while(i--);
  19   1                }                        //延时函数
  20                                           
  21          void main()
  22                   {
  23   1                              while (1)
  24   1                               {
  25   2                               u8 i;
  26   2                               for (i=0;i<18;i++)
  27   2                                 {
  28   3                                       led=LED[i];
  29   3                                       delay(50000)   ;
  30   3                                 }
  31   2                               }               
  32   1               }   


MODULE INFORMATION:   STATIC OVERLAYABLE
   CODE SIZE        =     40    ----
   CONSTANT SIZE    =     18    ----
   XDATA SIZE       =   ----    ----
   PDATA SIZE       =   ----    ----
   DATA SIZE        =   ----       1
   IDATA SIZE       =   ----    ----
   BIT SIZE         =   ----    ----
END OF MODULE INFORMATION.


C51 COMPILATION COMPLETE.  0 WARNING(S),  0 ERROR(S)
