C51 COMPILER V9.01   MAIN                                                                  11/26/2016 11:52:01 PAGE 1   


C51 COMPILER V9.01, COMPILATION OF MODULE MAIN
OBJECT MODULE PLACED IN main.OBJ
COMPILER INVOKED BY: E:\Keil\C51\BIN\C51.EXE main.c BROWSE DEBUG OBJECTEXTEND

line level    source

   1          #include "reg52.h"
   2          
   3          typedef unsigned char u8;
   4          typedef unsigned int u16;
   5          
   6          sbit LSA=P2^2;
   7          sbit LSB=P2^3;
   8          sbit LSC=P2^4;
   9          sbit led=P2^0;
  10          sbit k1=P3^1;
  11          sbit k2=P3^0;
  12          
  13          u8 m=1;
  14          u8 n=0;
  15          u8 o=0;
  16          
  17          u8 code shumaguansecond1[]={0x3f,0x06,0x5b,0x4f,0x66,
  18                                     0x6d,0x7d,0x07,0x7f,0x6f};     //显示 0~9
  19          u8 code shumaguansecond2[]={0x06,0x5b,0x4f,
  20                                      0x66,0x6d,0x7d};              //显示1~6
  21          
  22          void delay (u16 i)
  23          {
  24   1         while (i--);
  25   1      }
  26          
  27          void time0init ()
  28          {
  29   1               TMOD=0x01;                                       //  设置工作方式   GATE=0   计时模式    m1m0=01  16位
  30   1               TH0=0xfc;                                       //
  31   1               TL0=0x18;                                      //        设置初值
  32   1               ET0=1;                                    //     打开定时器0中断允许
  33   1               EA=1;                                    //      打开总中断
  34   1               TR0=1;                                  //               打开定时器0
  35   1      }
  36          
  37          void main ()
  38          {
  39   1                 if(k1==0)
  40   1                 {
  41   2                        delay(100);
  42   2                        if(k1==0)
  43   2                              {
  44   3                                time0init ();
  45   3                                while(1);
  46   3                              }
  47   2                 }
  48   1      }
  49          
  50          void time0 ()  interrupt 1
  51          {
  52   1              
  53   1              static u16 b;
  54   1              static u16 a;
  55   1              TH0=0xfc;
C51 COMPILER V9.01   MAIN                                                                  11/26/2016 11:52:01 PAGE 2   

  56   1          TL0=0x18;        //设置初值
  57   1              a++;
  58   1      
  59   1              if(a==1000)
  60   1              { 
  61   2                b++;    
  62   2                LSA=0;
  63   2                LSB=0;
  64   2                LSC=0;
  65   2                a=0;
  66   2                P0=shumaguansecond1[m];         
  67   2                m++;
  68   2                if (m==10)       
  69   2            m=0;
  70   2                o++;
  71   2                if (o==10)
  72   2                o=0;                    
  73   2              }
  74   1      
  75   1              if(b>10||b==10)
  76   1              { 
  77   2                switch(b)
  78   2                      {
  79   3                        case(20):n=1;break;
  80   3                        case(30):n=2;break;
  81   3                        case(40):n=3;break;
  82   3                        case(50):n=4;break;                                             
  83   3                      }
  84   2                P0=0x00;
  85   2                LSA=0;
  86   2                LSB=0;
  87   2                LSC=0;                                                //显示数码管第一位
  88   2                P0=shumaguansecond1[o];
  89   2                delay(100);
  90   2                P0=0x00;
  91   2                LSA=1;
  92   2                LSB=0;
  93   2                LSC=0;                                                //显示数码管第二位
  94   2                P0=shumaguansecond2[n];       
  95   2              }
  96   1      }


MODULE INFORMATION:   STATIC OVERLAYABLE
   CODE SIZE        =    250    ----
   CONSTANT SIZE    =     16    ----
   XDATA SIZE       =   ----    ----
   PDATA SIZE       =   ----    ----
   DATA SIZE        =      7    ----
   IDATA SIZE       =   ----    ----
   BIT SIZE         =   ----    ----
END OF MODULE INFORMATION.


C51 COMPILATION COMPLETE.  0 WARNING(S),  0 ERROR(S)
