C51 COMPILER V9.01   MAIN                                                                  11/21/2016 19:44:19 PAGE 1   


C51 COMPILER V9.01, COMPILATION OF MODULE MAIN
OBJECT MODULE PLACED IN main.OBJ
COMPILER INVOKED BY: E:\Keil\C51\BIN\C51.EXE main.c BROWSE DEBUG OBJECTEXTEND

line level    source

   1          #include "reg52.h"                //此文件中定义了单片机的一些特殊功能寄存器
   2          
   3          typedef unsigned char u8;
   4          typedef unsigned int u16;         //对数据类型进行声明
   5          
   6          sbit LSA=P2^2;
   7          sbit LSB=P2^3;
   8          sbit LSC=P2^4;
   9          
  10          #define GPIO_key  P1
  11          #define GPIO_dig  P0
  12          
  13          u8 keyvalue;
  14          
  15          u8 code shumaguan[]={0x3f,0x06,0x5b,0x4f,0x66,0x6d,0x7d,0x07,
  16                                                  0x7f,0x6f,0x77,0x7c,0x39,0x5e,0x79,0x71};       //显示0~F
  17          
  18          void delay (u16 i)
  19             {
  20   1                while (i--);
  21   1         }                               //延时函数
  22          
  23          void keydown()            //按键判断函数
  24             {   
  25   1             
  26   1                 GPIO_key=0x0f;   //高位为低电平 低位为高电平   0000 1111  p1^7~p1^0   
  27   1                 if (GPIO_key!=0x0f)
  28   1                    {    
  29   2                            delay(1000);   //延时10ms  消抖
  30   2                                      if (GPIO_key!=0x0f)
  31   2                                       {
  32   3                                         //测试列
  33   3                                                       GPIO_key=0x0f;
  34   3      
  35   3                                                       switch(GPIO_key)
  36   3                                                              {
  37   4                                                                      case(0x07):keyvalue=0;break;       //    0000 0111        第一列
  38   4                                                                      case(0x0b):keyvalue=1;break;       //    0000 1011        第二列
  39   4                                                                      case(0x0d):keyvalue=2;break;       //    0000 1101        第三列
  40   4                                                                      case(0x0e):keyvalue=3;break;       //    0000 1110        第四列
  41   4                                                               }
  42   3                                         //测试行
  43   3                                         GPIO_key=0xf0;
  44   3      
  45   3                                                       switch(GPIO_key)
  46   3                                                              {
  47   4                                                                      case(0x70):keyvalue=keyvalue   ;break;         // 0111 0000    在第一行
  48   4                                                                      case(0xb0):keyvalue=keyvalue+4 ;break;      // 1011 0000           在第二行
  49   4                                                                      case(0xd0):keyvalue=keyvalue+8 ;break;     // 1101 0000    在第三行
  50   4                                                                      case(0xe0):keyvalue=keyvalue+12;break;     // 1110 1111    在第四行     
  51   4                                         
  52   4                                                  }
  53   3                                       
  54   3                                        while(GPIO_key!=0xf0)  //检测按键松手检测
  55   3                                        {
C51 COMPILER V9.01   MAIN                                                                  11/21/2016 19:44:19 PAGE 2   

  56   4                                      delay(1000);
  57   4                                    }
  58   3                                      
  59   3                              }
  60   2      
  61   2                        }
  62   1              }
  63                    
  64                                                                                                                                                                                                          
  65                            
  66          
  67             
  68                
  69          void main()
  70                    {
  71   1                         LSA=0;
  72   1                         LSB=0;
  73   1                         LSC=0;         //控制138译码器的Y0输出低电平
  74   1                         
  75   1                         
  76   1                         while(1)
  77   1                         {
  78   2                            keydown();                        //按键判断函数
  79   2                            GPIO_dig=shumaguan[keyvalue];
  80   2                         }
  81   1                        
  82   1                }
  83          
  84          
  85          
  86          
  87          
  88          


MODULE INFORMATION:   STATIC OVERLAYABLE
   CODE SIZE        =    148    ----
   CONSTANT SIZE    =     16    ----
   XDATA SIZE       =   ----    ----
   PDATA SIZE       =   ----    ----
   DATA SIZE        =      1    ----
   IDATA SIZE       =   ----    ----
   BIT SIZE         =   ----    ----
END OF MODULE INFORMATION.


C51 COMPILATION COMPLETE.  0 WARNING(S),  0 ERROR(S)
