C51 COMPILER V9.01   MAIN                                                                  11/21/2016 16:15:01 PAGE 1   


C51 COMPILER V9.01, COMPILATION OF MODULE MAIN
OBJECT MODULE PLACED IN main.OBJ
COMPILER INVOKED BY: E:\Keil\C51\BIN\C51.EXE main.c BROWSE DEBUG OBJECTEXTEND

line level    source

   1          #include "reg52.h"
   2          
   3          typedef unsigned char u8;
   4          typedef unsigned int u16;
   5          
   6          sbit k1=P1^5;
   7          sbit led=P2^0;
   8          sbit gnd=P1^1;
   9          
  10          void delay (u16 i)
  11                    {
  12   1                   while(i--);
  13   1                       }
  14          
  15          
  16          void keydeal()
  17               {
  18   1                  if (k1==0)
  19   1                        {   
  20   2                            delay (1000);   //Ïû¶¶  1000x1us=10ms
  21   2                                  if (k1==0)
  22   2                                      {
  23   3                                     led=~led;
  24   3                                      }
  25   2                        }
  26   1                                while (!k1);
  27   1               }
  28          
  29          void main ()
  30              {
  31   1                    while(1)
  32   1                {
  33   2                   gnd=0;
  34   2                   keydeal();
  35   2                }
  36   1              }
  37                          


MODULE INFORMATION:   STATIC OVERLAYABLE
   CODE SIZE        =     37    ----
   CONSTANT SIZE    =   ----    ----
   XDATA SIZE       =   ----    ----
   PDATA SIZE       =   ----    ----
   DATA SIZE        =   ----    ----
   IDATA SIZE       =   ----    ----
   BIT SIZE         =   ----    ----
END OF MODULE INFORMATION.


C51 COMPILATION COMPLETE.  0 WARNING(S),  0 ERROR(S)
