C51 COMPILER V9.01   MAIN                                                                  11/21/2016 15:45:06 PAGE 1   


C51 COMPILER V9.01, COMPILATION OF MODULE MAIN
OBJECT MODULE PLACED IN main.OBJ
COMPILER INVOKED BY: E:\Keil\C51\BIN\C51.EXE main.c BROWSE DEBUG OBJECTEXTEND

line level    source

   1          #include "reg52.h"
   2          
   3          typedef unsigned char u8;
   4          typedef unsigned int u16;         //对数据类型进行声明定义
   5          
   6          sbit LSA=P2^2;
   7          sbit LSB=P2^3;
   8          sbit LSC=P2^4;
   9          
  10          u8 code shumaguan[]={0x39,0x67,0x66, 0x6d,0x3f};         //0x3f  0011 1111  .gfedcba
  11           
  12          
  13          void main()
  14              
  15                    {
  16   1                LSA=0;
  17   1                LSB=0;
  18   1                LSC=0;                //控制38译码器的Y0输出低电平
  19   1      
  20   1                P0=shumaguan[0];
  21   1                
  22   1                while(1);
  23   1      
  24   1                }


MODULE INFORMATION:   STATIC OVERLAYABLE
   CODE SIZE        =     15    ----
   CONSTANT SIZE    =      5    ----
   XDATA SIZE       =   ----    ----
   PDATA SIZE       =   ----    ----
   DATA SIZE        =   ----    ----
   IDATA SIZE       =   ----    ----
   BIT SIZE         =   ----    ----
END OF MODULE INFORMATION.


C51 COMPILATION COMPLETE.  0 WARNING(S),  0 ERROR(S)
