C51 COMPILER V9.01   MAIN                                                                  12/03/2016 18:49:44 PAGE 1   


C51 COMPILER V9.01, COMPILATION OF MODULE MAIN
OBJECT MODULE PLACED IN main.OBJ
COMPILER INVOKED BY: E:\Keil\C51\BIN\C51.EXE main.c BROWSE DEBUG OBJECTEXTEND

line level    source

   1          #include "reg52.h"
   2          #include "tempture.h"
   3          #include "intrins.h"
   4          
   5          typedef unsigned char u8;
   6          typedef unsigned int u16;
   7          
   8          sbit LSA=P2^2;
   9          sbit LSB=P2^3;
  10          sbit LSC=P2^4;
  11          
  12          
  13          u8 code zero_nine[10]={0x3f,0x06,0x5b,0x4f,0x66,0x6d,0x7d,0x07,0x7f,0x6f};    //显示0~9
  14          u8 digdata[6];
  15          
  16          void delay(u16 i)
  17          {
  18   1         while(i--);
  19   1      }
  20          
  21          
  22          
  23          
  24          /********************** 
  25            温度读取处理转换函数       
  26          **********************/
  27          void tempturedispose(int temp)                                                  //温度读取处理转换
  28          {  
  29   1         float tempture;                                                                              //浮点型变量                                                            
  30   1         if(temp<0)                                                                                   //如果温度小于0
  31   1          {
  32   2                digdata[5]=0x40;                                                                      //符号位显示-
  33   2                temp=temp-1;                                                                          //因为读取的温度是实际温度的补码，所以减1
  34   2                temp=~temp;                                                                           //再取反求出原码
  35   2                tempture=temp;                                                                        //将temp赋值到浮点型变量
  36   2                temp=tempture*0.0625*100+0.5;                                         //留两个小数点就*100，+0.5是四舍五入
  37   2              }
  38   1         else 
  39   1              {       
  40   2                digdata[5]=0x00;                                              //符号位不显示
  41   2                tempture=temp;                                                                        //有小数点所以将温度赋给一个浮点型变量
  42   2                temp=tempture*0.0625*100+0.5;                                         //留两个小数点就*100，+0.5是四舍五入
  43   2              }
  44   1         digdata[0]=zero_nine[temp%10];                                   //小数点后第二位
  45   1         digdata[1]=zero_nine[temp%100/10];                           //小数点后第一位
  46   1         digdata[2]=zero_nine[temp%1000/100]|0x80;            //个位 要显示小数点      或上1000 0000 
  47   1         digdata[3]=zero_nine[temp%10000/1000];                           //十位
  48   1         digdata[4]=zero_nine[temp/10000];                    //百位
  49   1      }
  50          
  51          
  52          
  53          
  54          /******************* 
  55             数码管动态扫描       
C51 COMPILER V9.01   MAIN                                                                  12/03/2016 18:49:44 PAGE 2   

  56          *******************/
  57          void digdisplay()
  58          {
  59   1               u8 i;
  60   1               for(i=0;i<6;i++)
  61   1                {
  62   2                  switch(i)
  63   2                       {
  64   3                         case(0):LSA=0;LSB=0;LSC=0;break;               //显示第一位   小数点后两位
  65   3                         case(1):LSA=1;LSB=0;LSC=0;break;               //先是第二位   小数点后一位
  66   3                         case(2):LSA=0;LSB=1;LSC=0;break;               //显示第三位   个位
  67   3                         case(3):LSA=1;LSB=1;LSC=0;break;               //显示第四位   十位
  68   3                         case(4):LSA=0;LSB=0;LSC=1;break;               //显示第五位   百位
  69   3                         case(5):LSA=1;LSB=0;LSC=1;break;       //显示第六位   符号位           
  70   3                       }
  71   2                      P0=digdata[i];
  72   2                      delay(100);                                                               //延时1ms
  73   2                      P0=0x00;                                                                  //消影
  74   2                }
  75   1      }
  76          
  77          
  78          /******************* 
  79                主函数       
  80          *******************/
  81          void main ()
  82          {
  83   1      
  84   1      
  85   1               while(1)
  86   1               { 
  87   2                         
  88   2                 tempturedispose(DS18B20tempture ());
  89   2                 digdisplay();
  90   2                 
  91   2                               
  92   2                         
  93   2                                   
  94   2           }   
  95   1      }


MODULE INFORMATION:   STATIC OVERLAYABLE
   CODE SIZE        =    348    ----
   CONSTANT SIZE    =     10    ----
   XDATA SIZE       =   ----    ----
   PDATA SIZE       =   ----    ----
   DATA SIZE        =      6       4
   IDATA SIZE       =   ----    ----
   BIT SIZE         =   ----    ----
END OF MODULE INFORMATION.


C51 COMPILATION COMPLETE.  0 WARNING(S),  0 ERROR(S)
