C51 COMPILER V9.01   TEMPTURE                                                              12/03/2016 11:18:30 PAGE 1   


C51 COMPILER V9.01, COMPILATION OF MODULE TEMPTURE
OBJECT MODULE PLACED IN tempture.OBJ
COMPILER INVOKED BY: E:\Keil\C51\BIN\C51.EXE tempture.c BROWSE DEBUG OBJECTEXTEND

line level    source

   1          #include "tempture.h"
   2          
   3          
   4          /******************* 
   5                延时函数       
   6          *******************/
   7          uchar tempturelimit[2]={25,5};
   8          
   9          void delay10us()   //误差 0us  延时10us
  10          {
  11   1          unsigned char a,b;
  12   1          for(b=1;b>0;b--)
  13   1              for(a=2;a>0;a--);
  14   1      }
  15          
  16          void delay15us()   //误差 0us   延时15us
  17          {
  18   1          unsigned char a;
  19   1          for(a=6;a>0;a--);
  20   1      }
  21          
  22          
  23          void delay45us()   //误差 0us    延时45us
  24          {
  25   1          unsigned char a;
  26   1          for(a=21;a>0;a--);
  27   1      }
  28          
  29          void delay80us()   //误差 0us    延时80us
  30          {
  31   1          unsigned char a,b;
  32   1          for(b=11;b>0;b--)
  33   1              for(a=2;a>0;a--);
  34   1      }
  35          
  36          void delay600us()   //误差 0us    延时600us
  37          {
  38   1          unsigned char a,b;
  39   1          for(b=3;b>0;b--)
  40   1              for(a=98;a>0;a--);
  41   1      }
  42          
  43          
  44          void delay1ms(uint y)     //y=1为1ms
  45          {
  46   1              uint x;
  47   1              for( ; y>0; y--)
  48   1                {
  49   2                      for(x=110; x>0; x--);
  50   2                }
  51   1      }
  52          
  53          /******************* 
  54             DS18B20初始化       
  55          *******************/
C51 COMPILER V9.01   TEMPTURE                                                              12/03/2016 11:18:30 PAGE 2   

  56          uchar DS18B20start ()             //初始化成功返回1，失败返回0
  57          {
  58   1                dataline=0;                     //拉低数据线
  59   1                delay600us();                   //延时600us
  60   1                dataline=1;                     //拉高数据线
  61   1                delay80us;                      //等待80us
*** WARNING C275 IN LINE 61 OF TEMPTURE.C: expression with possibly no effect
  62   1                while(dataline)                 //等待返回的低电平
  63   1                 {
  64   2                       delay600us();            //进行超时判断
  65   2                       return 0;                        //返回0
  66   2                 }
  67   1                return 1;                               //返回1
  68   1                delay600us();                   //延时600us
  69   1      }
  70          
  71           
  72          /******************* 
  73             DS18B20写函数       
  74          *******************/
  75          void DS18B20writebyte (uchar dat)        //向DS18B20写入一个字节
  76          {
  77   1         uchar i,j;
  78   1         for(j=0;j<8;j++)
  79   1          {
  80   2            dataline = 0;                          //将数据线拉低
  81   2            delay15us();                                               //延时1us
  82   2            dataline = dat & 0x01;         //按位与   有0出0      假设dat=1010 1010 & 0000 0001 =1010 1010     
  83   2                delay80us();                                   //延时80us
  84   2                dataline = 1;                          //拉高数据线     
  85   2                dat >>= 1;                                 //右移一位                             dat=0101 0101  次低位变为最低位      
  86   2          }
  87   1      }
*** WARNING C280 IN LINE 77 OF TEMPTURE.C: 'i': unreferenced local variable
  88          
  89          
  90          /******************* 
  91             DS18B20读函数       
  92          *******************/
  93          uchar DS18B20readbyte ()                                 //在DS18B20中读取一个数据
  94          {
  95   1         uchar bi,byte,i,j;
  96   1         for (i=0;i<8;i++)
  97   1         {
  98   2           dataline = 0;                                               //拉低数据线
  99   2           j++;                                //延时1us 
 100   2               dataline = 1;                       //将数据线拉高，释放总线准备读数据
 101   2               delay10us();                        //延时6us
 102   2               bi = dataline;
 103   2               byte = (byte >> 1)|(bi << 7);       //将byte左移一位，然后与上右移7位后的bi，注意移动之后移掉那位补0
 104   2               delay45us ();
 105   2         }
 106   1         return byte;
 107   1      }
 108          
 109          /******************* 
 110            DS18B20温度报警       
 111          *******************/
 112          void DS18B20tempturealarm()
 113          {
 114   1         DS18B20start ();                                                      //初始化
 115   1         DS18B20writebyte (0xcc);                                      //跳过ROM操作命令 适用于单片工作
C51 COMPILER V9.01   TEMPTURE                                                              12/03/2016 11:18:30 PAGE 3   

 116   1         DS18B20writebyte (0x4e);                                      //发出向内部RAM3‘4字节写上上限和下限的温度数据命令
 117   1         DS18B20writebyte (tempturelimit[0]);          //上限为25
 118   1         DS18B20writebyte     (tempturelimit[1]);              //下限为5
 119   1         DS18B20start ();                                                      //初始化
 120   1         DS18B20writebyte (0xcc);                                      //跳过ROM操作命令 适用于单片工作
 121   1         DS18B20writebyte (0x48);                                      //将RAM第3.4字节内容写入EEPROM
 122   1          
 123   1              
 124   1      }
 125          
 126          
 127          /******************* 
 128            DS18B20温度变换       
 129          *******************/
 130          void DS18B20changetempture ()
 131          {
 132   1        DS18B20start ();                                                //初始化
 133   1        delay1ms(1);                                                    //延时1ms
 134   1        DS18B20writebyte (0xcc);                                //写一个字节 0xcc 跳过ROM操作命令 适用于单片工作
 135   1        DS18B20writebyte (0x44);                                //启动温度转换 12位 结果存入9为RAM中
 136   1        
 137   1      }
 138          
 139          
 140          /********************* 
 141           DS18B20读取温度命令       
 142          *********************/
 143          void DS18B20readempture ()                                //发送读取温度命令
 144          {
 145   1        DS18B20start ();                                                //初始化
 146   1        delay1ms(1);                                                    //延时1ms
 147   1        DS18B20writebyte (0xcc);                                //写一个字节 0xcc 跳过ROM操作命令 适用于单片工作
 148   1        DS18B20writebyte (0xbe);                                //写一个字节 oxeh  读内部RAM中的9
 149   1      }
 150          
 151          
 152          /********************* 
 153              DS18B20读取温度       
 154          *********************/
 155          int DS18B20tempture ()                                    //读取温度
 156          {
 157   1        int temp=0;
 158   1        uchar temph,templ;                                      //temph为高8位  templ为低八位
 159   1        DS18B20changetempture ();                               //温度转换
 160   1        DS18B20readempture ();                                  //读取温度指令
 161   1        templ = DS18B20readbyte ();                     //读取温度值共16位，先读低字节
 162   1        temph = DS18B20readbyte ();             //再读高字节
 163   1        temp = temph;
 164   1        temp <<= 8;
 165   1        temp |= templ;
 166   1        return temp;
 167   1      }


MODULE INFORMATION:   STATIC OVERLAYABLE
   CODE SIZE        =    237    ----
   CONSTANT SIZE    =   ----    ----
   XDATA SIZE       =   ----    ----
   PDATA SIZE       =   ----    ----
   DATA SIZE        =      2       2
   IDATA SIZE       =   ----    ----
   BIT SIZE         =   ----    ----
C51 COMPILER V9.01   TEMPTURE                                                              12/03/2016 11:18:30 PAGE 4   

END OF MODULE INFORMATION.


C51 COMPILATION COMPLETE.  2 WARNING(S),  0 ERROR(S)
