C51 COMPILER V9.01   MAIN                                                                  11/26/2016 01:16:58 PAGE 1   


C51 COMPILER V9.01, COMPILATION OF MODULE MAIN
OBJECT MODULE PLACED IN main.OBJ
COMPILER INVOKED BY: E:\Keil\C51\BIN\C51.EXE main.c BROWSE DEBUG OBJECTEXTEND

line level    source

   1          //   续一秒 每60s少一秒
   2          #include "reg52.h"
   3          
   4          typedef unsigned char u8;
   5          typedef unsigned int u16; //对数据类型进行声明
   6          
   7          sbit LSA=P2^2;
   8          sbit LSB=P2^3;
   9          sbit LSC=P2^4;            //138  
  10          sbit k1=P3^1;             //按下时  秒表开始计时
  11          sbit k2=P3^0;
  12          
  13          u8 n=0;
  14          u8 m=0;
  15          u8 o=0;
  16          u8 p=0;
  17          
  18          
  19          void delay (u8 i)
  20          {
  21   1      
  22   1              while (i--);
  23   1      }                                  //延时函数    1大约为10us  
  24          
  25          void time0init ()
  26          {
  27   1         TMOD=0x01;    //GATE=0  为定时模式 01 方式一 16位
  28   1         TH0=0xfc;
  29   1         TL0=0x18;    //设置初值  为1ms=1000us
  30   1         ET0=1;               //打开定时器0中断允许
  31   1         EA=1;                //打开中断总控制
  32   1         TR0=1;               //开启中断
  33   1      }
  34          
  35          
  36          u8 code shumaguansecond1[]={0x3f,0x06,0x5b,0x4f,0x66,
  37                                      0x6d,0x7d,0x07,0x7f,0x6f};               //显示0~9
  38          u8 code shumaguansecond2[]={0x06,0x5b,0x4f,0x66,0x6d};                          //显示1~5
  39          u8 code shumaguansecond3[]={0x3f,0x06,0x5b,0x4f,0x66,0x6d};                //显示0~6
  40          u8 code shumaguanminute1[]={0x06,0x5b,0x4f,0x66,
  41                                      0x6d,0x7d,0x07,0x7f,0x6f};                     // 显示1~9
  42          
  43          void main ()
  44          {                
  45   1               
  46   1                 if(k1==0)                              //按下开关k1
  47   1                 {
  48   2                 delay (100);                          //消抖
  49   2                 time0init ();
  50   2                 while(1);
  51   2                 }
  52   1                 
  53   1      }
  54          
  55          
C51 COMPILER V9.01   MAIN                                                                  11/26/2016 01:16:58 PAGE 2   

  56          void time0 ()  interrupt 1
  57          {
  58   1      
  59   1          static u16 a;                                 // a=0
  60   1              static u16 b;                            //      b=0
  61   1              TH0=0xfc;
  62   1          TL0=0x18;
  63   1              a++;
  64   1         
  65   1              if(b>59)
  66   1              {
  67   2                switch(b)
  68   2                      { 
  69   3                        case(60):p=0;break;
  70   3                        case(70):p=1;break;
  71   3                        case(80):p=2;break;
  72   3                        case(90):p=3;break;
  73   3                        case(100):p=4;break;
  74   3                        case(110):p=5;break;
  75   3                        case(120):p=0;o=1;break;                                
  76   3                      }
  77   2                P0=0x00;
  78   2                LSA=0;
  79   2                LSB=0;
  80   2                LSC=0;                                                           //第一个数码管亮
  81   2                P0=shumaguansecond1[n];       
  82   2                delay(100);                          //延时1000us=1ms
  83   2                P0=0x00;                                                         //消影
  84   2                
  85   2                LSA=1;
  86   2                LSB=0;
  87   2                LSC=0;                                                           //第二个数码管亮
  88   2                P0=shumaguansecond3[p];                                   
  89   2                delay(100);                                              //延时1000us=1ms
  90   2                P0=0x00;                                                         //消影
  91   2                
  92   2                LSA=0;
  93   2                LSB=1;
  94   2                LSC=0;                                                           //第三个数码管亮
  95   2                P0=0x40;                                                         
  96   2                delay(100);                                              //延时1000us=1ms
  97   2                P0=0x00;                                                         //消影
  98   2                
  99   2                LSA=1;
 100   2                LSB=1;
 101   2                LSC=0;                                                           //第四个数码管亮
 102   2                P0=shumaguanminute1[o];       
 103   2              }
 104   1      
 105   1              if(b>9&&b<60)
 106   1              {         
 107   2                switch(b)
 108   2                      {
 109   3                        case(20):m=1;break;
 110   3                        case(30):m=2;break;
 111   3                        case(40):m=3;break;
 112   3                        case(50):m=4;break;                                             
 113   3                      }
 114   2                P0=0x00;
 115   2                LSA=0;
 116   2                LSB=0;
 117   2                LSC=0;                                                           //第一个数码管亮
C51 COMPILER V9.01   MAIN                                                                  11/26/2016 01:16:58 PAGE 3   

 118   2                P0=shumaguansecond1[n];       
 119   2                delay(100);                          //延时1000us=1ms
 120   2                P0=0x00;                                                         //消影
 121   2                LSA=1;
 122   2                LSB=0;
 123   2                LSC=0;                                                           //第二个数码管亮
 124   2                P0=shumaguansecond2[m];                                                 
 125   2              }
 126   1      
 127   1              if(a==1000)
 128   1              { 
 129   2                b++;    
 130   2                LSA=0;
 131   2                LSB=0;
 132   2                LSC=0;
 133   2                a=0;
 134   2                P0=shumaguansecond1[n];         
 135   2                n++;
 136   2                if (n==10)       
 137   2            n=0;                        
 138   2              }
 139   1                              
 140   1      }


MODULE INFORMATION:   STATIC OVERLAYABLE
   CODE SIZE        =    362    ----
   CONSTANT SIZE    =     30    ----
   XDATA SIZE       =   ----    ----
   PDATA SIZE       =   ----    ----
   DATA SIZE        =      8    ----
   IDATA SIZE       =   ----    ----
   BIT SIZE         =   ----    ----
END OF MODULE INFORMATION.


C51 COMPILATION COMPLETE.  0 WARNING(S),  0 ERROR(S)
