C51 COMPILER V9.01   MAIN                                                                  11/21/2016 13:08:50 PAGE 1   


C51 COMPILER V9.01, COMPILATION OF MODULE MAIN
OBJECT MODULE PLACED IN main.OBJ
COMPILER INVOKED BY: E:\Keil\C51\BIN\C51.EXE main.c BROWSE DEBUG OBJECTEXTEND

line level    source

   1          #include "reg52.h"
   2          
   3          typedef unsigned char u8;
   4          typedef unsigned int u16;
   5          
   6          sbit k1=P3^1;
   7          sbit led=P2^0;
   8          
   9          void delay (u16 i)
  10                    {
  11   1                   while(i--);
  12   1                       }
  13          
  14          
  15          void keydeal()
  16               {
  17   1                  if (k1==0)
  18   1                        {   
  19   2                            delay (1000);   //Ïû¶¶  1000x1us=10ms
  20   2                                  if (k1==0)
  21   2                                      {
  22   3                                     led=~led;
  23   3                                      }
  24   2                        }
  25   1                                while (!k1);
  26   1               }
  27          
  28          void main ()
  29              {
  30   1                    while(1)
  31   1                {
  32   2                   keydeal();
  33   2                }
  34   1              }
  35                          


MODULE INFORMATION:   STATIC OVERLAYABLE
   CODE SIZE        =     35    ----
   CONSTANT SIZE    =   ----    ----
   XDATA SIZE       =   ----    ----
   PDATA SIZE       =   ----    ----
   DATA SIZE        =   ----    ----
   IDATA SIZE       =   ----    ----
   BIT SIZE         =   ----    ----
END OF MODULE INFORMATION.


C51 COMPILATION COMPLETE.  0 WARNING(S),  0 ERROR(S)
