C51 COMPILER V9.01   MAIN                                                                  11/18/2016 16:11:35 PAGE 1   


C51 COMPILER V9.01, COMPILATION OF MODULE MAIN
OBJECT MODULE PLACED IN main.OBJ
COMPILER INVOKED BY: E:\Keil\C51\BIN\C51.EXE main.c BROWSE DEBUG OBJECTEXTEND

line level    source

   1          #include "reg52.h"
   2          typedef unsigned char u8;
   3          typedef unsigned int u16;
   4          sbit D1=P2^0;
   5          sbit D2=P2^1;
   6          sbit D3=P2^2;
   7          sbit D4=P2^3;
   8          sbit D5=P2^4;
   9          sbit D6=P2^5;
  10          sbit D7=P2^6;
  11          sbit D8=P2^7;
  12          
  13          void delay(u16 i)
  14               { 
  15   1                      while (i--);
  16   1                       
  17   1          
  18   1                   }    
  19                  void main()
  20          
  21                  {
  22   1                      while (1)
  23   1                         {
  24   2                             D1=0;
  25   2                                 delay (50000);
  26   2                                  
  27   2                                 D1=1;
  28   2                                 delay (50000); //1иак╦
  29   2                                
  30   2                                 D2=0;
  31   2                                 delay (50000); 
  32   2                                 
  33   2                                 D2=1;
  34   2                                 delay (50000); //2иак╦
  35   2                               
  36   2                                  D3=0;
  37   2                                 delay (50000);
  38   2                                
  39   2                                 D3=1;
  40   2                                 delay (50000);  //3иак╦
  41   2                                
  42   2                                  D4=0;
  43   2                                 delay (50000);
  44   2                                 
  45   2                                 D4=1;
  46   2                                 delay (50000);  //4иак╦
  47   2                                
  48   2                                  D5=0;
  49   2                                 delay (50000);
  50   2                               
  51   2                                 D5=1;
  52   2                                 delay (50000);       //5иак╦
  53   2                                  
  54   2                                      D6=0;
  55   2                                 delay (50000);
C51 COMPILER V9.01   MAIN                                                                  11/18/2016 16:11:35 PAGE 2   

  56   2                               
  57   2                                 D6=1;
  58   2                                 delay (50000);  //6иак╦
  59   2                                  
  60   2                                      D7=0;
  61   2                                 delay (50000);
  62   2                               
  63   2                                 D7=1;
  64   2                                 delay (50000);  //7иак╦
  65   2                                  
  66   2                                      D8=0;
  67   2                                 delay (50000);
  68   2                               
  69   2                                 D8=1;
  70   2                                 delay (50000);  //8иак╦
  71   2                                
  72   2      
  73   2                                 
  74   2                               
  75   2                                 
  76   2                                 
  77   2                                 }
  78   1      
  79   1      
  80   1                               }


MODULE INFORMATION:   STATIC OVERLAYABLE
   CODE SIZE        =     98    ----
   CONSTANT SIZE    =   ----    ----
   XDATA SIZE       =   ----    ----
   PDATA SIZE       =   ----    ----
   DATA SIZE        =   ----    ----
   IDATA SIZE       =   ----    ----
   BIT SIZE         =   ----    ----
END OF MODULE INFORMATION.


C51 COMPILATION COMPLETE.  0 WARNING(S),  0 ERROR(S)
