C51 COMPILER V9.01   MAIN                                                                  11/18/2016 17:00:11 PAGE 1   


C51 COMPILER V9.01, COMPILATION OF MODULE MAIN
OBJECT MODULE PLACED IN main.OBJ
COMPILER INVOKED BY: E:\Keil\C51\BIN\C51.EXE main.c BROWSE DEBUG OBJECTEXTEND

line level    source

   1          #include "reg52.h"
   2          #include <intrins.h>
   3          
   4          
   5          typedef unsigned char u8;
   6          typedef unsigned int  u16;        //对数据类型进行声明定义
   7          
   8          
   9          #define led P2    //宏定义,将p2口设置为led
  10                    
  11          
  12              void delay(u16 i)
  13          
  14                    {
  15   1                     while(i--);
  16   1                                        }//延时函数
  17                                           
  18                  void main()
  19                   {
  20   1                        u8 i;
  21   1                        led=0xfe;
  22   1                        delay (50000) ; //       延时450ms
  23   1                        while(1)
  24   1                        {
  25   2                           for(i=0;i<7;i++)
  26   2                             {      led=_crol_(led,1);      //1111 1110变为  1111 1101   实现左移
  27   3                                        delay (50000);  //       延时450ms   
  28   3                                 }
  29   2                               for(i=0;i<7;i++)
  30   2                                 {     led=_cror_(led,1);
  31   3                                            delay (50000);
  32   3                                 }
  33   2                                                       }
  34   1                                     }   //延时函数
  35          


MODULE INFORMATION:   STATIC OVERLAYABLE
   CODE SIZE        =     68    ----
   CONSTANT SIZE    =   ----    ----
   XDATA SIZE       =   ----    ----
   PDATA SIZE       =   ----    ----
   DATA SIZE        =   ----    ----
   IDATA SIZE       =   ----    ----
   BIT SIZE         =   ----    ----
END OF MODULE INFORMATION.


C51 COMPILATION COMPLETE.  0 WARNING(S),  0 ERROR(S)
