C51 COMPILER V9.01   MAIN                                                                  11/28/2016 21:32:08 PAGE 1   


C51 COMPILER V9.01, COMPILATION OF MODULE MAIN
OBJECT MODULE PLACED IN main.OBJ
COMPILER INVOKED BY: E:\Keil\C51\BIN\C51.EXE main.c BROWSE DEBUG OBJECTEXTEND

line level    source

   1          #include  "reg52.h"
   2          
   3          typedef unsigned char u8;
   4          typedef unsigned int u16;               //对数据类型进行声明
   5          
   6          sbit LSA=P2^2;
   7          sbit LSB=P2^3;
   8          sbit LSC=P2^4;
   9          sbit k1=P3^1;
  10          sbit k2=P3^0;
  11          
  12          u8 second,minute,hour,ssecond;
  13          
  14          u8 code shumaguan[]={0x3f,0x06,0x5b,0x4f,0x66,0x6d,0x7d,0x07,
  15                                                   0x7f,0x6f,0x77,0x7c,0x39,0x5e,0x79,0x71};//显示0~F的值
  16          u8 smguan[8];
  17          
  18          void delay (u16 i)
  19          {
  20   1        while (i--);
  21   1      }                                         //延时函数   1=10us
  22          
  23          void  digdisplay ()
  24          {
  25   1              u8 i;
  26   1              for(i=0;i<8;i++)
  27   1              {
  28   2                      switch(i)
  29   2                      {
  30   3                         case(0):LSA=0;LSB=0;LSC=0;break;
  31   3                         case(1):LSA=1;LSB=0;LSC=0;break;
  32   3                         case(2):LSA=0;LSB=1;LSC=0;break;
  33   3                         case(3):LSA=1;LSB=1;LSC=0;break;
  34   3                         case(4):LSA=0;LSB=0;LSC=1;break;
  35   3                         case(5):LSA=1;LSB=0;LSC=1;break;
  36   3                         case(6):LSA=0;LSB=1;LSC=1;break;
  37   3                         case(7):LSA=1;LSB=1;LSC=1;break;             
  38   3                      
  39   3                      }
  40   2                              P0=smguan[i];                                              //发送数码管显示数据
  41   2                      delay(100);                                                       //间隔一段时间扫描       1ms
  42   2                      P0=0x00;                                                         //消隐
  43   2              }
  44   1         
  45   1      
  46   1      }                                                                                                  //数码管扫描函数
  47          
  48          void xianshishuju ()
  49          {
  50   1           smguan[0]=shumaguan[second%10];
  51   1               smguan[1]=shumaguan[second/10];
  52   1               smguan[2]=0x40;
  53   1               smguan[3]=shumaguan[minute%10];
  54   1               smguan[4]=shumaguan[minute/10];
  55   1               smguan[5]=0x40;
C51 COMPILER V9.01   MAIN                                                                  11/28/2016 21:32:08 PAGE 2   

  56   1               smguan[6]=shumaguan[hour%10];
  57   1               smguan[7]=shumaguan[hour/10];                                                     
  58   1      }
  59          
  60          void time0init ()
  61          {
  62   1        TMOD=0x01;               //设置工作方式   GATE=0   c/t=0 time模式   01 16位模式
  63   1        TH0=0Xd8;                       //
  64   1        TL0=0xf0;                      //设置初值为10ms
  65   1        ET0=1;                        //打开定时器0中断允许
  66   1        EA=1;                    //打开总中断
  67   1        TR0=1;                  //打开定时器0
  68   1      }
  69          
  70          
  71          void main ()
  72          {
  73   1                 if(k1==0)
  74   1                 {    
  75   2                      delay(100);
  76   2                              if(k1==0)
  77   2                              {
  78   3                                 time0init ();
  79   3                                 while(1)
  80   3                                 {
  81   4                                    xianshishuju();
  82   4                                    digdisplay ();                    
  83   4                                 }
  84   3                              }
  85   2                 }
  86   1      }
  87          
  88          
  89          void time0 ()  interrupt 1
  90          {  
  91   1         ssecond++;
  92   1         TH0=0Xd8;                      //
  93   1         TL0=0xf0;                     //设置初值为10ms
  94   1         if(ssecond==100)             // 100ssecond=1s    1ssecond=10ms    
  95   1         {
  96   2                ssecond=0;
  97   2                second++;
  98   2                if(second==60)
  99   2                {
 100   3                        second=0;
 101   3                        minute++;
 102   3                        if(minute==60)
 103   3                        {
 104   4                         minute=0;
 105   4                         hour++;
 106   4                         if(hour==24)
 107   4                         {
 108   5                                hour=0;
 109   5                         }
 110   4                        }
 111   3                }   
 112   2         }
 113   1      
 114   1      
 115   1      
 116   1      
 117   1      }
C51 COMPILER V9.01   MAIN                                                                  11/28/2016 21:32:08 PAGE 3   



MODULE INFORMATION:   STATIC OVERLAYABLE
   CODE SIZE        =    286    ----
   CONSTANT SIZE    =     16    ----
   XDATA SIZE       =   ----    ----
   PDATA SIZE       =   ----    ----
   DATA SIZE        =     12    ----
   IDATA SIZE       =   ----    ----
   BIT SIZE         =   ----    ----
END OF MODULE INFORMATION.


C51 COMPILATION COMPLETE.  0 WARNING(S),  0 ERROR(S)
