C51 COMPILER V9.01   MAIN                                                                  11/24/2016 00:02:32 PAGE 1   


C51 COMPILER V9.01, COMPILATION OF MODULE MAIN
OBJECT MODULE PLACED IN main.OBJ
COMPILER INVOKED BY: E:\Keil\C51\BIN\C51.EXE main.c BROWSE DEBUG OBJECTEXTEND

line level    source

   1          #include <reg52.h>
   2          
   3          sbit led=P2^0;
   4          
   5          typedef unsigned char u8;
   6          typedef unsigned int u16;
   7          
   8          void time0init  ()
   9          {
  10   1         TMOD|=0x01;    //  GATE=0 c/t=0 定时  m1m0=01   工作方式
  11   1         TH0=0xfc;
  12   1         TL0=0x18;      //fc18   65536-1000=64536    1ms的初值   1ms=1000us   计算1000个数
  13   1         ET0=1;
  14   1         EA=1;
  15   1         TR0=1;
  16   1      }
  17          
  18          void  main ()          //主函数
  19          {
  20   1                 time0init    ();
  21   1                 while (1);
  22   1      }
  23          
  24          void time0()    interrupt 1
  25          {
  26   1                static u16 i;
  27   1                TH0=0xfc;
  28   1            TL0=0x18;
  29   1                i++;
  30   1                if (i==10000)
  31   1                {
  32   2                       led=~led;
  33   2                       i=0;
  34   2                }
  35   1      }


MODULE INFORMATION:   STATIC OVERLAYABLE
   CODE SIZE        =     60    ----
   CONSTANT SIZE    =   ----    ----
   XDATA SIZE       =   ----    ----
   PDATA SIZE       =   ----    ----
   DATA SIZE        =      2    ----
   IDATA SIZE       =   ----    ----
   BIT SIZE         =   ----    ----
END OF MODULE INFORMATION.


C51 COMPILATION COMPLETE.  0 WARNING(S),  0 ERROR(S)
