C51 COMPILER V9.01   MAIN                                                                  03/12/2017 20:21:23 PAGE 1   


C51 COMPILER V9.01, COMPILATION OF MODULE MAIN
OBJECT MODULE PLACED IN main.OBJ
COMPILER INVOKED BY: E:\Keil\C51\BIN\C51.EXE main.c BROWSE DEBUG OBJECTEXTEND

line level    source

   1          #include <reg52.h>
   2          #define N 2  //控制速率
   3          #define T 700  //设定T的值，
   4          
   5          sbit LED=P2^0;
   6          int t=0;
   7          char sign=0; //亮暗标志
   8          
   9          void delay(int time)   //延时
  10          {
  11   1      while(time>0)
  12   1         time--;
  13   1      }
  14          
  15          void designed() //控制函数
  16          {
  17   1      if(sign==0)
  18   1         t+=(N+1);  //灯亮的时间较快
  19   1          else
  20   1        t-=N;   //灯灭的时间   较慢
  21   1      }
  22          
  23          void wake() //判断函数
  24          {
  25   1        if(t>T)//如果t超过了做大值T
  26   1        {
  27   2           t=T;
  28   2           sign =  1;//控制变量
  29   2        }
  30   1        else if(t<0)
  31   1        {
  32   2           t=0;
  33   2           sign = 0; 
  34   2        }
  35   1      }
  36          
  37          void main ()//主函数
  38          {
  39   1        while(1)
  40   1          {
  41   2            designed();
  42   2            wake();
  43   2            LED = 0; //灯亮
  44   2            delay(t);
  45   2            LED = 1;//灯灭
  46   2            delay(T-t);
  47   2          }
  48   1      }


MODULE INFORMATION:   STATIC OVERLAYABLE
   CODE SIZE        =    118    ----
   CONSTANT SIZE    =   ----    ----
   XDATA SIZE       =   ----    ----
   PDATA SIZE       =   ----    ----
C51 COMPILER V9.01   MAIN                                                                  03/12/2017 20:21:23 PAGE 2   

   DATA SIZE        =      3    ----
   IDATA SIZE       =   ----    ----
   BIT SIZE         =   ----    ----
END OF MODULE INFORMATION.


C51 COMPILATION COMPLETE.  0 WARNING(S),  0 ERROR(S)
