C51 COMPILER V9.01   MAIN                                                                  11/22/2016 19:51:13 PAGE 1   


C51 COMPILER V9.01, COMPILATION OF MODULE MAIN
OBJECT MODULE PLACED IN main.OBJ
COMPILER INVOKED BY: E:\Keil\C51\BIN\C51.EXE main.c BROWSE DEBUG OBJECTEXTEND

line level    source

   1                             //led点阵     又D口和P0口   竖着从上到下为D7~D1   横着从左到右为P07~P00
   2          
   3          #include "reg52.h"
   4          #include "intrins.h"             //调用_nop_   空循环一个机器指令的时间
   5          
   6          sbit rclk=P3^5;                  //              存贮寄存器时钟
   7          sbit srclk=P3^6;                 //              移位寄存器时钟 
   8          sbit ser=P3^4;                   //              串行输入
   9          
  10          typedef unsigned char u8;
  11          typedef unsigned int u16;          //对数据类型进行声明
  12          
  13          
  14          
  15          
  16          void  HC595 (u8 led)           //74hc595芯片
  17               {
  18   1                       u8 a;
  19   1                       srclk=0;
  20   1                       rclk=0;
  21   1      
  22   1                       for (a=0;a<8;a++)
  23   1                           {
  24   2                                      ser=led>>7;                //输入最高位
  25   2                                      led<<=1;                   //将次高位变为最高位
  26   2                      srclk=1;                   //出现一个上升沿  位移一个
  27   2                                      _nop_;
*** WARNING C275 IN LINE 27 OF MAIN.C: expression with possibly no effect
  28   2                                      _nop_;
*** WARNING C275 IN LINE 28 OF MAIN.C: expression with possibly no effect
  29   2                                      srclk=0;
  30   2                               }    
  31   1      
  32   1                        rclk=1;
  33   1                        _nop_;
*** WARNING C275 IN LINE 33 OF MAIN.C: expression with possibly no effect
  34   1                        _nop_;
*** WARNING C275 IN LINE 34 OF MAIN.C: expression with possibly no effect
  35   1                        rclk=0;
  36   1      
  37   1               }
  38          
  39          
  40          void main ()
  41            {     while(1)
  42   1              {          
  43   2                    u8 i;
  44   2                    for (i=0;i<8;i++)                 //循环八次
  45   2                      {    switch (i)
  46   3                           {
  47   4                                  case(0): HC595(0x80);P0=0x7f;break;  //       1000 0000    0111 1111
  48   4                                      case(1): HC595(0x40);P0=0xbf;break;      //       0100 0000    1011 1111
  49   4                                      case(2): HC595(0x20);P0=0xdf;break;      //       0010 0000    1101 1111
  50   4                                      case(3): HC595(0x10);P0=0xef;break;      //       0001 0000    1110 1111
  51   4                                      case(4): HC595(0x08);P0=0xf7;break;      //       0000 1000    1111 0111                        
C51 COMPILER V9.01   MAIN                                                                  11/22/2016 19:51:13 PAGE 2   

  52   4                                      case(5): HC595(0x04);P0=0xfb;break;      //       0000 0100    1111 1011                                
  53   4                                      case(6): HC595(0x02);P0=0xfd;break;      //       0000 0010    1111 1101                                
  54   4                                      case(7): HC595(0x01);P0=0xfe;break;      //       0000 0001    1111 1110                                
  55   4                      
  56   4                               }
  57   3                                  P0=0xff;    
  58   3                              }
  59   2               }
  60   1        }


MODULE INFORMATION:   STATIC OVERLAYABLE
   CODE SIZE        =    168    ----
   CONSTANT SIZE    =   ----    ----
   XDATA SIZE       =   ----    ----
   PDATA SIZE       =   ----    ----
   DATA SIZE        =   ----       1
   IDATA SIZE       =   ----    ----
   BIT SIZE         =   ----    ----
END OF MODULE INFORMATION.


C51 COMPILATION COMPLETE.  4 WARNING(S),  0 ERROR(S)
