C51 COMPILER V9.01   MAIN                                                                  11/21/2016 23:01:34 PAGE 1   


C51 COMPILER V9.01, COMPILATION OF MODULE MAIN
OBJECT MODULE PLACED IN main.OBJ
COMPILER INVOKED BY: E:\Keil\C51\BIN\C51.EXE main.c BROWSE DEBUG OBJECTEXTEND

line level    source

   1          #include "reg52.h"
   2          typedef unsigned char u8;
   3          typedef unsigned int u16;         //对数据类型进行声明
   4          
   5          sbit D1=P2^0;
   6          sbit D2=P2^1;
   7          sbit D3=P2^2;
   8          sbit D4=P2^3;
   9          sbit D5=P2^4;
  10          sbit D6=P2^5;                     //定义端口
  11          
  12          void delay(u16 i)
  13               { 
  14   1                      while (i--);                 
  15   1                   }                  //延时函数
  16                  
  17                  
  18                  void main()
  19          
  20                  {
  21   1                      while (1)
  22   1                         {
  23   2                             D1=0;                     //D1亮
  24   2                                 delay (50000);        //50000x10us=0.5s
  25   2                                 D1=0;                         //D1灭
  26   2                                 delay (50000);        //0.5s
  27   2                                 D1=1;
  28   2                                 delay (50000);
  29   2                                 D1=1;
  30   2                                 delay (50000);
  31   2                                 D2=0;
  32   2                                 delay (50000);
  33   2                                 D2=0;
  34   2                                 delay (50000); 
  35   2                                 D2=1;
  36   2                                 delay (50000);
  37   2                                 D2=1;
  38   2                                 delay (50000);
  39   2                                  D5=0;
  40   2                                 delay (50000);
  41   2                                 D5=0;
  42   2                                 delay (50000); 
  43   2                                 D5=1;
  44   2                                 delay (50000);
  45   2                                 D5=1;
  46   2                                 delay (50000);
  47   2                                  D3=0;
  48   2                                 delay (50000);
  49   2                                 D3=0;
  50   2                                 delay (50000); 
  51   2                                 D3=1;
  52   2                                 delay (50000);
  53   2                                 D3=1;
  54   2                                 delay (50000);
  55   2                                  D1=0;
C51 COMPILER V9.01   MAIN                                                                  11/21/2016 23:01:34 PAGE 2   

  56   2                                 delay (50000);
  57   2                                 D1=0;
  58   2                                 delay (50000); 
  59   2                                 D1=1;
  60   2                                 delay (50000);
  61   2                                 D1=1;
  62   2                                 delay (50000);
  63   2      
  64   2                                 
  65   2                               
  66   2                                 
  67   2                                 
  68   2                                 }
  69   1      
  70   1      
  71   1                               }


MODULE INFORMATION:   STATIC OVERLAYABLE
   CODE SIZE        =    113    ----
   CONSTANT SIZE    =   ----    ----
   XDATA SIZE       =   ----    ----
   PDATA SIZE       =   ----    ----
   DATA SIZE        =   ----    ----
   IDATA SIZE       =   ----    ----
   BIT SIZE         =   ----    ----
END OF MODULE INFORMATION.


C51 COMPILATION COMPLETE.  0 WARNING(S),  0 ERROR(S)
