C51 COMPILER V9.01   I2C                                                                   12/01/2016 10:36:16 PAGE 1   


C51 COMPILER V9.01, COMPILATION OF MODULE I2C
OBJECT MODULE PLACED IN i2c.OBJ
COMPILER INVOKED BY: E:\Keil\C51\BIN\C51.EXE i2c.c BROWSE DEBUG OBJECTEXTEND

line level    source

   1          #include "i2c.h"
   2          
   3          void delay10us()                                                          //延时 10us   误差为0
   4          {
   5   1                  unsigned char a,b;
   6   1                  for(b=1;b>0;b--)
   7   1                      for(a=2;a>0;a--);
   8   1      
   9   1      }                                                                 
  10          
  11          void  i2cstartsignal ()                                   //起始信号
  12          {                                                                                //在SCL时钟信号在高电平期间SDA信号产生一个下降沿
  13   1                SDA=1;                                                         //拉高数据线
  14   1                delay10us ();
  15   1                SCL=1;                                                         //拉高时钟线
  16   1                delay10us ();
  17   1                SDA=0;                                                         //拉低数据线，产生下降沿
  18   1                delay10us ();
  19   1                SCL=0;                                                         //拉低时钟线
  20   1                delay10us ();
  21   1      }               
  22          
  23          
  24          void i2cstopsignal ()                     //终止信号：在SCL时钟信号高电平期间SDA信号产生一个上升沿
  25          {
  26   1                SDA=0;                                          //拉低数据线
  27   1                delay10us ();
  28   1                SCL=1;                                          //拉高时钟线
  29   1                delay10us ();
  30   1                SDA=1;                                          //拉高数据线 产生上升沿
  31   1                delay10us (); 
  32   1      }                                                       
  33          
  34          /***********************   
  35             通过I2C发送一个字节
  36          ***********************/
  37          unsigned char i2csendbyte (unsigned char dat)    //起始之后SDA和SCL都为0
  38          {
  39   1                unsigned char a,b=0;
  40   1                for (a=0;a<8;a++)                                                //发送八个字节
  41   1                 {               
  42   2                         delay10us ();
  43   2                         SDA=dat>>7;
  44   2                         dat<<=1;
  45   2                         SCL=1;
  46   2                         delay10us ();
  47   2                         SCL=0;
  48   2                         delay10us ();
  49   2                 }                                      
  50   1                SDA=1;
  51   1                delay10us ();
  52   1                SCL=1;
  53   1                delay10us ();
  54   1                while(SDA)                     //等待应答，从设备把SDA拉低
  55   1                 {
C51 COMPILER V9.01   I2C                                                                   12/01/2016 10:36:16 PAGE 2   

  56   2                         b++;
  57   2                         if(b>200)       //如果超过2000us没有应答发送失败，或者为非应答，表示接收结束
  58   2                          {
  59   3                                 SCL=0;
  60   3                                 delay10us ();
  61   3                                 return 0;               
  62   3                          }
  63   2                 }
  64   1                SCL=0;
  65   1                delay10us ();   
  66   1                return 1; 
  67   1      }       
  68          
  69          
  70          /***********************   
  71             通过I2C读取一个字节
  72          ***********************/
  73          unsigned char i2creadbyte ()
  74          {        
  75   1               unsigned char a,dat=0;
  76   1               SDA=1;
  77   1               for(a=0;a<8;a++)                         //接收8个字节
  78   1                {
  79   2                      dat<<=1;
  80   2                      dat=dat|SDA;
  81   2                      SCL=1;
  82   2                      delay10us ();   
  83   2                      SCL=0;
  84   2                      delay10us ();   
  85   2                }
  86   1               return dat;
  87   1      }       
  88          
  89          
  90          /***********************   
  91           往At24c02里写一个数据
  92          ***********************/
  93          void At24c02write (unsigned char address,unsigned char dat)
  94          {
  95   1              i2cstartsignal ();                       //开始信号
  96   1              i2csendbyte (0xa0);                     //发送器件地址
  97   1              i2csendbyte (address);     //发送要写入内存地址
  98   1              i2csendbyte (dat);                //发送数据
  99   1              i2cstopsignal ();        //结束信号
 100   1      }                                 
 101          
 102          
 103          /************************   
 104           读取At24c02里的一个数据
 105          ************************/
 106          unsigned char  At24c02read (unsigned char address)
 107          {
 108   1          unsigned char number;
 109   1              i2cstartsignal ();                       //开始信号
 110   1              i2csendbyte (0xa0);                     //发送写器件地址
 111   1              i2csendbyte (address);     //发送要读取的器件地址
 112   1              i2cstartsignal ();                //开始信号
 113   1              i2csendbyte (0xa1);              //发送读器件地址
 114   1              number=i2creadbyte ();  
 115   1              i2cstopsignal ();        //结束信号
 116   1              return number;
 117   1      }
C51 COMPILER V9.01   I2C                                                                   12/01/2016 10:36:16 PAGE 3   



MODULE INFORMATION:   STATIC OVERLAYABLE
   CODE SIZE        =    196    ----
   CONSTANT SIZE    =   ----    ----
   XDATA SIZE       =   ----    ----
   PDATA SIZE       =   ----    ----
   DATA SIZE        =   ----    ----
   IDATA SIZE       =   ----    ----
   BIT SIZE         =   ----    ----
END OF MODULE INFORMATION.


C51 COMPILATION COMPLETE.  0 WARNING(S),  0 ERROR(S)
