C51 COMPILER V9.01   MAIN                                                                  12/01/2016 00:41:33 PAGE 1   


C51 COMPILER V9.01, COMPILATION OF MODULE MAIN
OBJECT MODULE PLACED IN main.OBJ
COMPILER INVOKED BY: E:\Keil\C51\BIN\C51.EXE main.c BROWSE DEBUG OBJECTEXTEND

line level    source

   1          #include  "reg52.h"
   2          #include  "i2c.h"                                         //调用头文件
   3          
   4          
   5          typedef unsigned char u8;                         //对数据类型进行声明
   6          typedef unsigned int u16;                        
   7          
   8          sbit LSA=P2^2;                                           //定义138三个地址输入
   9          sbit LSB=P2^3;
  10          sbit LSC=P2^4;                                            
  11          
  12          sbit k1=P3^1;                                            //开关
  13          sbit k2=P3^0;
  14          sbit k3=P3^2;
  15          sbit k4=P3^3;                                            
  16          
  17          u8 number=0;
  18          u8 digdata[4];
  19          u8 code smgduan[10]={0x3f,0x06,0x5b,0x4f,0x66,0x6d,0x7d,0x07,0x7f,0x6f};         //显示0~9
  20          
  21          
  22          void delay (u16 i)                             //延时函数
  23          {
  24   1         while(i--);
  25   1      }
  26          
  27          
  28          /************************   
  29               按键处理函数
  30          ************************/
  31          void keydisprose ()                                                
  32          {
  33   1               if(k1==0)                                                         //写入一个数据
  34   1                {
  35   2                      delay(100);
  36   2                       if(k1==0)
  37   2                        {
  38   3                              At24c02write(1,number);          //(address,number)
  39   3                        }
  40   2                       while(!k1);
  41   2                }
  42   1      
  43   1               if(k2==0)                                                         //读取一个数据
  44   1                {
  45   2                      delay(100);
  46   2                       if(k2==0)
  47   2                        {
  48   3                              number=At24c02read (1);         //（address） 
  49   3                        }
  50   2                       while(!k2);
  51   2                }
  52   1      
  53   1               if(k3==0)                                                         //累加
  54   1                {
  55   2                      delay(100);
C51 COMPILER V9.01   MAIN                                                                  12/01/2016 00:41:33 PAGE 2   

  56   2                       if(k3==0)
  57   2                        {
  58   3                              number++;
  59   3                              if(number==256)
  60   3                              number=0;          
  61   3                        }
  62   2                       while(!k3);
  63   2                }
  64   1      
  65   1               if(k4==0)                                                         //清零
  66   1                {
  67   2                      delay(100);
  68   2                       if(k4==0)
  69   2                        {
  70   3                              number=0;          
  71   3                        }
  72   2                       while(!k4);
  73   2                }
  74   1      }
  75          
  76          
  77          /************************   
  78               动态数码管函数
  79          ************************/
  80          void digdisplay ()
  81          {
  82   1         u8 i;
  83   1         for(i=0;i<4;i++)
  84   1          {
  85   2                switch(i)
  86   2                 {
  87   3                       case(0):LSA=0;LSB=0;LSC=0;break;                //显示第一位
  88   3                       case(1):LSA=1;LSB=0;LSC=0;break;                //显示第二位
  89   3                       case(2):LSA=0;LSB=1;LSC=0;break;                //显示第三位
  90   3                       case(3):LSA=1;LSB=1;LSC=0;break;                //显示第四位
  91   3                 }
  92   2                
  93   2                P0=digdata[i];                                                         //发送段选数据
  94   2                delay (100);                                                           //1ms  间隔一段时间扫描
  95   2                P0=0x00;                                   //消影
  96   2              
  97   2              }        
  98   1      
  99   1      }
 100          
 101          
 102          /************************   
 103            数码管四位数据处理函数
 104          ************************/
 105          void datadispose()
 106          {
 107   1              digdata[0]=smgduan[number%1000%100%10];  //个位
 108   1              digdata[1]=smgduan[number%1000%100/10];  //十位
 109   1              digdata[2]=smgduan[number%1000/100];             //百位
 110   1              digdata[3]=smgduan[number/1000];                         //千位
 111   1      }
 112          
 113          
 114          /************************   
 115                   主函数
 116          ************************/
 117          void main()
C51 COMPILER V9.01   MAIN                                                                  12/01/2016 00:41:33 PAGE 3   

 118          {
 119   1        while(1)
 120   1         {
 121   2                keydisprose ();
 122   2                datadispose();
 123   2                digdisplay ();
 124   2         }
 125   1      }


MODULE INFORMATION:   STATIC OVERLAYABLE
   CODE SIZE        =    304    ----
   CONSTANT SIZE    =     10    ----
   XDATA SIZE       =   ----    ----
   PDATA SIZE       =   ----    ----
   DATA SIZE        =      5    ----
   IDATA SIZE       =   ----    ----
   BIT SIZE         =   ----    ----
END OF MODULE INFORMATION.


C51 COMPILATION COMPLETE.  0 WARNING(S),  0 ERROR(S)
