C51 COMPILER V9.01   MAIN                                                                  11/22/2016 16:31:49 PAGE 1   


C51 COMPILER V9.01, COMPILATION OF MODULE MAIN
OBJECT MODULE PLACED IN main.OBJ
COMPILER INVOKED BY: E:\Keil\C51\BIN\C51.EXE main.c BROWSE DEBUG OBJECTEXTEND

line level    source

   1          #include "reg52.h"
   2          
   3          typedef unsigned char u8;
   4          typedef unsigned int u16;       //对数据类型进行声明定义
   5          
   6          
   7          sbit LSA=P2^2;
   8          sbit LSB=P2^3;
   9          sbit LSC=P2^4;           //将p22 p23 p24 定义为 LSA LSB LSC 
  10          
  11          u8 code shumaguan[]={0x3f,0x5b,0x6d,0x00,0x6e,0x67,0x39};               // cqy520
  12          
  13          void delay (u16 i)
  14               {
  15   1                 while(i--);
  16   1           }                            //i=1时，大约延时10us
  17          
  18          void digdisplay()
  19               {
  20   1                       u8 i;
  21   1                   for (i=0;i<7;i++)     //循环7次
  22   1                         {
  23   2                         switch(i)     //位选，选择点亮的数码管
  24   2                               {
  25   3                                      case (0): LSA=0;LSB=0;LSC=0;break;       //显示第0位    由138控制y0输出低电平
  26   3                                      case (1): LSA=1;LSB=0;LSC=0;break;   //显示第1位
  27   3                                      case (2): LSA=0;LSB=1;LSC=0;break;       //显示第2位
  28   3                                      case (3): LSA=1;LSB=1;LSC=0;break;       //显示第3位
  29   3                                      case (4): LSA=0;LSB=0;LSC=1;break;       //显示第4位
  30   3                                              case (5): LSA=1;LSB=0;LSC=1;break;       //显示第5位
  31   3                                              case (6): LSA=0;LSB=1;LSC=1;break;       //显示第6位
  32   3      
  33   3                       }
  34   2                               P0=shumaguan[i];       //发送段码
  35   2                               delay (100);           //间隔一段时间扫描
  36   2                               P0=0x00;                       //消隐
  37   2                          }
  38   1               }
  39          
  40          
  41          
  42          void main ()
  43                          {   while(1)
  44   1                         {  
  45   2                                          digdisplay();  //数码管显示函数
  46   2                              }
  47   1                      }        
  48          
  49          
  50          
  51          
  52          
  53          
  54          
  55          
C51 COMPILER V9.01   MAIN                                                                  11/22/2016 16:31:49 PAGE 2   

  56          
  57          


MODULE INFORMATION:   STATIC OVERLAYABLE
   CODE SIZE        =    116    ----
   CONSTANT SIZE    =      7    ----
   XDATA SIZE       =   ----    ----
   PDATA SIZE       =   ----    ----
   DATA SIZE        =   ----    ----
   IDATA SIZE       =   ----    ----
   BIT SIZE         =   ----    ----
END OF MODULE INFORMATION.


C51 COMPILATION COMPLETE.  0 WARNING(S),  0 ERROR(S)
