C51 COMPILER V9.01   MAIN                                                                  11/23/2016 00:37:14 PAGE 1   


C51 COMPILER V9.01, COMPILATION OF MODULE MAIN
OBJECT MODULE PLACED IN main.OBJ
COMPILER INVOKED BY: E:\Keil\C51\BIN\C51.EXE main.c BROWSE DEBUG OBJECTEXTEND

line level    source

   1          #include "reg52.h"
   2          
   3          typedef unsigned char u8;
   4          typedef unsigned int u16;
   5          
   6          sbit led=P2^0; 
   7          sbit k3=P3^2;
   8          
   9          void delay (u16 i)
  10              {
  11   1      
  12   1                 while(i--);
  13   1      
  14   1              }
  15          
  16          void Int0Init ()
  17              {
  18   1                   IT0=1;
  19   1                       EX0=1;
  20   1                       EA=1;
  21   1               }
  22          
  23          
  24          void main ()
  25          {
  26   1          
  27   1              Int0Init();
  28   1              while(1);
  29   1      }
  30          
  31          
  32          
  33          
  34          void int0()  interrupt 0
  35          {
  36   1              delay(1000);  //Ïû¶¶   1000x10us=10ms
  37   1              if(k3==0)
  38   1                 {
  39   2                       led=~led;
  40   2                 
  41   2                 }
  42   1      
  43   1      
  44   1      }


MODULE INFORMATION:   STATIC OVERLAYABLE
   CODE SIZE        =     59    ----
   CONSTANT SIZE    =   ----    ----
   XDATA SIZE       =   ----    ----
   PDATA SIZE       =   ----    ----
   DATA SIZE        =   ----    ----
   IDATA SIZE       =   ----    ----
   BIT SIZE         =   ----    ----
END OF MODULE INFORMATION.

C51 COMPILER V9.01   MAIN                                                                  11/23/2016 00:37:14 PAGE 2   


C51 COMPILATION COMPLETE.  0 WARNING(S),  0 ERROR(S)
