C51 COMPILER V9.01   MAIN                                                                  11/25/2016 00:06:54 PAGE 1   


C51 COMPILER V9.01, COMPILATION OF MODULE MAIN
OBJECT MODULE PLACED IN main.OBJ
COMPILER INVOKED BY: E:\Keil\C51\BIN\C51.EXE main.c BROWSE DEBUG OBJECTEXTEND

line level    source

   1          #include <reg52.h>
   2          
   3          
   4          sbit LSA=P2^2;
   5          sbit LSB=P2^3;
   6          sbit LSC=P2^4;
   7          
   8          typedef unsigned char u8;
   9          typedef unsigned int u16;
  10          
  11          u8 code shumaguan[]={0x3f,0x06,0x5b,0x4f,0x66,0x6d,0x7d,0x07,
  12                                               0x7f,0x6f,0x77,0x7c,0x39,0x5e,0x79,0x71};  //显示0~f
  13          u8 n=0;
  14          
  15          void time1init  ()
  16          {
  17   1         TMOD|=0x10;    //  GATE=0 c/t=0 定时  m1m0=01   工作方式
  18   1         TH1=0xfc;
  19   1         TL1=0x18;      //fc18   65536-1000=64536    1ms的初值   1ms=1000us   计算1000个数
  20   1         ET1=1;
  21   1         EA=1;
  22   1         TR1=1;
  23   1      }
  24          
  25          void  main ()          //主函数
  26          {          LSA=0;
  27   1             LSB=0;
  28   1                 LSC=0;
  29   1                 time1init    ();
  30   1                 while (1);
  31   1      }
  32          
  33          void time1()    interrupt 3
  34          {         
  35   1                static u16 i;
  36   1                TH1=0xfc;
  37   1            TL1=0x18;
  38   1                i++;
  39   1                if (i==1000)
  40   1                {      i=0;
  41   2                       P0=shumaguan[n];
  42   2                       n++;
  43   2                       if(n==16)
  44   2                       n=0;
  45   2                }
  46   1      }


MODULE INFORMATION:   STATIC OVERLAYABLE
   CODE SIZE        =     90    ----
   CONSTANT SIZE    =     16    ----
   XDATA SIZE       =   ----    ----
   PDATA SIZE       =   ----    ----
   DATA SIZE        =      3    ----
   IDATA SIZE       =   ----    ----
C51 COMPILER V9.01   MAIN                                                                  11/25/2016 00:06:54 PAGE 2   

   BIT SIZE         =   ----    ----
END OF MODULE INFORMATION.


C51 COMPILATION COMPLETE.  0 WARNING(S),  0 ERROR(S)
