C51 COMPILER V9.01   MAIN                                                                  11/22/2016 19:20:09 PAGE 1   


C51 COMPILER V9.01, COMPILATION OF MODULE MAIN
OBJECT MODULE PLACED IN main.OBJ
COMPILER INVOKED BY: E:\Keil\C51\BIN\C51.EXE main.c BROWSE DEBUG OBJECTEXTEND

line level    source

   1                             //led点阵     又D口和P0口   竖着从上到下为D7~D1   横着从左到右为P07~P00
   2          
   3          #include "reg52.h"
   4          #include "intrins.h"             //调用_nop_   空循环一个机器指令的时间
   5          
   6          sbit rclk=P3^5;                  //              存贮寄存器时钟
   7          sbit srclk=P3^6;                 //              移位寄存器时钟 
   8          sbit ser=P3^4;                   //              串行输入
   9          
  10          typedef unsigned char u8;
  11          typedef unsigned int u16;          //对数据类型进行声明
  12          
  13          
  14          
  15          
  16          void  HC595 (u8 led)           //74hc595芯片
  17               {
  18   1                       u8 a;
  19   1                       srclk=0;
  20   1                       rclk=0;
  21   1      
  22   1                       for (a=0;a<8;a++)
  23   1                           {
  24   2                                      ser=led>>7;                //输入最高位
  25   2                                      led<<=1;                   //将次高位变为最高位
  26   2                      srclk=1;                   //出现一个上升沿  位移一个
  27   2                                      _nop_;
*** WARNING C275 IN LINE 27 OF MAIN.C: expression with possibly no effect
  28   2                                      _nop_;
*** WARNING C275 IN LINE 28 OF MAIN.C: expression with possibly no effect
  29   2                                      srclk=0;
  30   2                               }    
  31   1      
  32   1                        rclk=1;
  33   1                        _nop_;
*** WARNING C275 IN LINE 33 OF MAIN.C: expression with possibly no effect
  34   1                        _nop_;
*** WARNING C275 IN LINE 34 OF MAIN.C: expression with possibly no effect
  35   1                        rclk=0;
  36   1               }
  37          
  38          
  39          void main ()
  40              {      
  41   1                     HC595 (0x80)  ;
  42   1                     P0=0x7f;
  43   1                         while(1);
  44   1          }


MODULE INFORMATION:   STATIC OVERLAYABLE
   CODE SIZE        =     44    ----
   CONSTANT SIZE    =   ----    ----
   XDATA SIZE       =   ----    ----
   PDATA SIZE       =   ----    ----
C51 COMPILER V9.01   MAIN                                                                  11/22/2016 19:20:09 PAGE 2   

   DATA SIZE        =   ----    ----
   IDATA SIZE       =   ----    ----
   BIT SIZE         =   ----    ----
END OF MODULE INFORMATION.


C51 COMPILATION COMPLETE.  4 WARNING(S),  0 ERROR(S)
